Using pre-set license
Built from '2020.3/staging' branch; Version is '2020.3.18f1 (a7d1c678663c) revision 10998214'; Using compiler version '192528614'; Build Type 'Release'
OS: 'Windows 10 Home; OS build 22000.1455; Version 2009; 64bit' Language: 'de' Physical Memory: 20351 MB
BatchMode: 1, IsHumanControllingUs: 0, StartBugReporterOnCrash: 0, Is64bit: 1, IsPro: 0

COMMAND LINE ARGUMENTS:
D:\Downloadsundso\2020.3.18f1\Editor\Unity.exe
-adb2
-batchMode
-noUpm
-name
AssetImportWorker0
-projectPath
D:/Schulordner/5te/Unity/MTIN/Smeers/06-prj01-recap-veusch
-logFile
Logs/AssetImportWorker0.log
-srvPort
64651
Successfully changed project path to: D:/Schulordner/5te/Unity/MTIN/Smeers/06-prj01-recap-veusch
D:/Schulordner/5te/Unity/MTIN/Smeers/06-prj01-recap-veusch
Using Asset Import Pipeline V2.
Refreshing native plugins compatible for Editor in 51.99 ms, found 3 plugins.
Preloading 0 native plugins for Editor in 0.00 ms.
Initialize engine version: 2020.3.18f1 (a7d1c678663c)
[Subsystems] Discovering subsystems at path D:/Downloadsundso/2020.3.18f1/Editor/Data/Resources/UnitySubsystems
[Subsystems] Discovering subsystems at path D:/Schulordner/5te/Unity/MTIN/Smeers/06-prj01-recap-veusch/Assets
GfxDevice: creating device client; threaded=0
Direct3D:
    Version:  Direct3D 11.0 [level 11.0]
    Renderer: NVIDIA GeForce MX130 (ID=0x174d)
    Vendor:   
    VRAM:     2010 MB
    Driver:   27.21.14.6140
Initialize mono
Mono path[0] = 'D:/Downloadsundso/2020.3.18f1/Editor/Data/Managed'
Mono path[1] = 'D:/Downloadsundso/2020.3.18f1/Editor/Data/MonoBleedingEdge/lib/mono/unityjit'
Mono config path = 'D:/Downloadsundso/2020.3.18f1/Editor/Data/MonoBleedingEdge/etc'
Using monoOptions --debugger-agent=transport=dt_socket,embedding=1,server=y,suspend=n,address=127.0.0.1:56632
Begin MonoManager ReloadAssembly
Registering precompiled unity dll's ...
Register platform support module: D:/Downloadsundso/2020.3.18f1/Editor/Data/PlaybackEngines/WebGLSupport/UnityEditor.WebGL.Extensions.dll
Register platform support module: D:/Downloadsundso/2020.3.18f1/Editor/Data/PlaybackEngines/WindowsStandaloneSupport/UnityEditor.WindowsStandalone.Extensions.dll
Registered in 0.001188 seconds.
Native extension for WindowsStandalone target not found
Native extension for WebGL target not found
Refreshing native plugins compatible for Editor in 53.01 ms, found 3 plugins.
Preloading 0 native plugins for Editor in 0.00 ms.
Mono: successfully reloaded assembly
- Completed reload, in  1.258 seconds
Domain Reload Profiling:
	ReloadAssembly (1259ms)
		BeginReloadAssembly (80ms)
			ExecutionOrderSort (0ms)
			DisableScriptedObjects (0ms)
			BackupInstance (0ms)
			ReleaseScriptingObjects (0ms)
			CreateAndSetChildDomain (1ms)
		EndReloadAssembly (603ms)
			LoadAssemblies (80ms)
			RebuildTransferFunctionScriptingTraits (0ms)
			SetupTypeCache (243ms)
			ReleaseScriptCaches (0ms)
			RebuildScriptCaches (42ms)
			SetupLoadedEditorAssemblies (225ms)
				LogAssemblyErrors (0ms)
				InitializePlatformSupportModulesInManaged (6ms)
				SetLoadedEditorAssemblies (0ms)
				RefreshPlugins (53ms)
				BeforeProcessingInitializeOnLoad (24ms)
				ProcessInitializeOnLoadAttributes (106ms)
				ProcessInitializeOnLoadMethodAttributes (35ms)
				AfterProcessingInitializeOnLoad (0ms)
				EditorAssembliesLoaded (0ms)
			ExecutionOrderSort2 (0ms)
			AwakeInstancesAfterBackupRestoration (0ms)
Platform modules already initialized, skipping
Registering precompiled user dll's ...
Registered in 0.002393 seconds.
Begin MonoManager ReloadAssembly
Native extension for WindowsStandalone target not found
Native extension for WebGL target not found
Refreshing native plugins compatible for Editor in 50.41 ms, found 3 plugins.
Preloading 0 native plugins for Editor in 0.00 ms.
Mono: successfully reloaded assembly
- Completed reload, in  1.367 seconds
Domain Reload Profiling:
	ReloadAssembly (1368ms)
		BeginReloadAssembly (173ms)
			ExecutionOrderSort (0ms)
			DisableScriptedObjects (10ms)
			BackupInstance (0ms)
			ReleaseScriptingObjects (0ms)
			CreateAndSetChildDomain (22ms)
		EndReloadAssembly (1126ms)
			LoadAssemblies (100ms)
			RebuildTransferFunctionScriptingTraits (0ms)
			SetupTypeCache (377ms)
			ReleaseScriptCaches (1ms)
			RebuildScriptCaches (59ms)
			SetupLoadedEditorAssemblies (422ms)
				LogAssemblyErrors (0ms)
				InitializePlatformSupportModulesInManaged (5ms)
				SetLoadedEditorAssemblies (0ms)
				RefreshPlugins (51ms)
				BeforeProcessingInitializeOnLoad (92ms)
				ProcessInitializeOnLoadAttributes (255ms)
				ProcessInitializeOnLoadMethodAttributes (16ms)
				AfterProcessingInitializeOnLoad (2ms)
				EditorAssembliesLoaded (0ms)
			ExecutionOrderSort2 (0ms)
			AwakeInstancesAfterBackupRestoration (10ms)
Platform modules already initialized, skipping
========================================================================
Worker process is ready to serve import requests
Launched and connected shader compiler UnityShaderCompiler.exe after 0.05 seconds
Refreshing native plugins compatible for Editor in 0.69 ms, found 3 plugins.
Preloading 0 native plugins for Editor in 0.00 ms.
Unloading 2092 Unused Serialized files (Serialized files now loaded: 0)
System memory in use before: 93.1 MB.
System memory in use after: 93.2 MB.

Unloading 26 unused Assets to reduce memory usage. Loaded Objects now: 2532.
Total: 4.054300 ms (FindLiveObjects: 0.239200 ms CreateObjectMapping: 0.099000 ms MarkObjects: 3.631600 ms  DeleteObjects: 0.083100 ms)

AssetImportParameters requested are different than current active one (requested -> active):
  custom:framework-win-MediaFoundation: 216162199b28c13a410421893ffa2e32 -> 
  custom:video-decoder-ogg-theora: a1e56fd34408186e4bbccfd4996cb3dc -> 
  custom:container-muxer-webm: aa71ff27fc2769a1b78a27578f13a17b -> 
  custom:container-demuxer-webm: 4f35f7cbe854078d1ac9338744f61a02 -> 
  custom:container-demuxer-ogg: 62fdf1f143b41e24485cea50d1cbac27 -> 
  custom:video-encoder-webm-vp8: eb34c28f22e8b96e1ab97ce403110664 -> 
  custom:video-decoder-webm-vp8: 9c59270c3fd7afecdb556c50c9e8de78 -> 
  custom:audio-decoder-ogg-vorbis: bf7c407c2cedff20999df2af8eb42d56 -> 
  custom:audio-encoder-webm-vorbis: bf7c407c2cedff20999df2af8eb42d56 -> 
========================================================================
Received Import Request.
  path: Assets/MyGame/Graphic
  artifactKey: Guid(7f5ee49363c134d8c971bd50aa48e184) Importer(815301076,1909f56bfc062723c751e8b465ee728b)
Start importing Assets/MyGame/Graphic using Guid(7f5ee49363c134d8c971bd50aa48e184) Importer(815301076,1909f56bfc062723c751e8b465ee728b)  -> (artifact id: '987c319aca3c109b6611439f516efcd8') in 0.008883 seconds 
  Import took 0.012561 seconds .

========================================================================
Received Import Request.
  Time since last request: 0.000320 seconds.
  path: Assets/MyGame/Graphic/Player.png
  artifactKey: Guid(fbac561555756fe4f88a9b7a44835a67) Importer(815301076,1909f56bfc062723c751e8b465ee728b)
Start importing Assets/MyGame/Graphic/Player.png using Guid(fbac561555756fe4f88a9b7a44835a67) Importer(815301076,1909f56bfc062723c751e8b465ee728b)  -> (artifact id: 'a3cf6425899118c8fe812f03c091fb15') in 0.195560 seconds 
  Import took 0.199137 seconds .

========================================================================
Received Import Request.
  Time since last request: 45.893958 seconds.
  path: Assets/MyGame/Graphic/Player.png
  artifactKey: Guid(fbac561555756fe4f88a9b7a44835a67) Importer(815301076,1909f56bfc062723c751e8b465ee728b)
Start importing Assets/MyGame/Graphic/Player.png using Guid(fbac561555756fe4f88a9b7a44835a67) Importer(815301076,1909f56bfc062723c751e8b465ee728b)  -> (artifact id: '1c9508f4f8893d25bb6f6150e7154a43') in 0.026774 seconds 
  Import took 0.032020 seconds .

========================================================================
Received Import Request.
  Time since last request: 27.280061 seconds.
  path: Assets/MyGame/Graphic/Player.png
  artifactKey: Guid(fbac561555756fe4f88a9b7a44835a67) Importer(815301076,1909f56bfc062723c751e8b465ee728b)
Start importing Assets/MyGame/Graphic/Player.png using Guid(fbac561555756fe4f88a9b7a44835a67) Importer(815301076,1909f56bfc062723c751e8b465ee728b)  -> (artifact id: '266cd5e1891c788c6f19d8177f7d9c22') in 0.031599 seconds 
  Import took 0.035945 seconds .

========================================================================
Received Import Request.
  Time since last request: 8.464664 seconds.
  path: Assets/MyGame/Graphic/Player.png
  artifactKey: Guid(fbac561555756fe4f88a9b7a44835a67) Importer(815301076,1909f56bfc062723c751e8b465ee728b)
Start importing Assets/MyGame/Graphic/Player.png using Guid(fbac561555756fe4f88a9b7a44835a67) Importer(815301076,1909f56bfc062723c751e8b465ee728b)  -> (artifact id: '9287b842d14d05737b49cc8bc6372da2') in 0.037734 seconds 
  Import took 0.042348 seconds .

========================================================================
Received Import Request.
  Time since last request: 48.524304 seconds.
  path: Assets/MyGame/Graphic/Player.png
  artifactKey: Guid(fbac561555756fe4f88a9b7a44835a67) Importer(815301076,1909f56bfc062723c751e8b465ee728b)
Start importing Assets/MyGame/Graphic/Player.png using Guid(fbac561555756fe4f88a9b7a44835a67) Importer(815301076,1909f56bfc062723c751e8b465ee728b)  -> (artifact id: 'f25fe507cdbf4766aaddf3f869eebb21') in 0.050494 seconds 
  Import took 0.063531 seconds .

========================================================================
Received Import Request.
  Time since last request: 4633.496725 seconds.
  path: Assets/MyGame/Graphic/Granny.png
  artifactKey: Guid(b46d2fcff9ab2b544bb81ebfa524a6dd) Importer(815301076,1909f56bfc062723c751e8b465ee728b)
Start importing Assets/MyGame/Graphic/Granny.png using Guid(b46d2fcff9ab2b544bb81ebfa524a6dd) Importer(815301076,1909f56bfc062723c751e8b465ee728b)  -> (artifact id: '16c84803cf0cf9b86da921556a80f70c') in 0.049907 seconds 
  Import took 0.057814 seconds .

========================================================================
Received Import Request.
  Time since last request: 0.000268 seconds.
  path: Assets/MyGame/Graphic/Player.png
  artifactKey: Guid(fbac561555756fe4f88a9b7a44835a67) Importer(815301076,1909f56bfc062723c751e8b465ee728b)
Start importing Assets/MyGame/Graphic/Player.png using Guid(fbac561555756fe4f88a9b7a44835a67) Importer(815301076,1909f56bfc062723c751e8b465ee728b)  -> (artifact id: '2df6ec8ceae23550c688e6bd60a47d89') in 0.017841 seconds 
  Import took 0.021467 seconds .

========================================================================
Received Prepare
Registering precompiled user dll's ...
Registered in 0.002445 seconds.
Begin MonoManager ReloadAssembly
Native extension for WindowsStandalone target not found
Native extension for WebGL target not found
Refreshing native plugins compatible for Editor in 0.52 ms, found 3 plugins.
Preloading 0 native plugins for Editor in 0.00 ms.
Mono: successfully reloaded assembly
- Completed reload, in  1.233 seconds
Domain Reload Profiling:
	ReloadAssembly (1234ms)
		BeginReloadAssembly (140ms)
			ExecutionOrderSort (0ms)
			DisableScriptedObjects (8ms)
			BackupInstance (0ms)
			ReleaseScriptingObjects (0ms)
			CreateAndSetChildDomain (49ms)
		EndReloadAssembly (1020ms)
			LoadAssemblies (103ms)
			RebuildTransferFunctionScriptingTraits (0ms)
			SetupTypeCache (363ms)
			ReleaseScriptCaches (1ms)
			RebuildScriptCaches (51ms)
			SetupLoadedEditorAssemblies (376ms)
				LogAssemblyErrors (0ms)
				InitializePlatformSupportModulesInManaged (7ms)
				SetLoadedEditorAssemblies (1ms)
				RefreshPlugins (1ms)
				BeforeProcessingInitializeOnLoad (109ms)
				ProcessInitializeOnLoadAttributes (249ms)
				ProcessInitializeOnLoadMethodAttributes (7ms)
				AfterProcessingInitializeOnLoad (2ms)
				EditorAssembliesLoaded (0ms)
			ExecutionOrderSort2 (0ms)
			AwakeInstancesAfterBackupRestoration (14ms)
Platform modules already initialized, skipping
Refreshing native plugins compatible for Editor in 1.15 ms, found 3 plugins.
Preloading 0 native plugins for Editor in 0.00 ms.
Unloading 2082 Unused Serialized files (Serialized files now loaded: 0)
System memory in use before: 95.5 MB.
System memory in use after: 95.7 MB.

Unloading 14 unused Assets to reduce memory usage. Loaded Objects now: 2543.
Total: 4.123400 ms (FindLiveObjects: 0.299700 ms CreateObjectMapping: 0.089500 ms MarkObjects: 3.708100 ms  DeleteObjects: 0.024600 ms)

AssetImportParameters requested are different than current active one (requested -> active):
  custom:framework-win-MediaFoundation: 216162199b28c13a410421893ffa2e32 -> 
  custom:video-decoder-ogg-theora: a1e56fd34408186e4bbccfd4996cb3dc -> 
  custom:container-muxer-webm: aa71ff27fc2769a1b78a27578f13a17b -> 
  custom:container-demuxer-webm: 4f35f7cbe854078d1ac9338744f61a02 -> 
  custom:container-demuxer-ogg: 62fdf1f143b41e24485cea50d1cbac27 -> 
  custom:video-encoder-webm-vp8: eb34c28f22e8b96e1ab97ce403110664 -> 
  custom:video-decoder-webm-vp8: 9c59270c3fd7afecdb556c50c9e8de78 -> 
  custom:audio-decoder-ogg-vorbis: bf7c407c2cedff20999df2af8eb42d56 -> 
  custom:audio-encoder-webm-vorbis: bf7c407c2cedff20999df2af8eb42d56 -> 
AssetImportWorkerClient::OnTransportError - code=2 error=End of file
